{"/Users/oceanheart/nstcg-website-phase-0/scripts/setupNotion.ts": {"path":"/Users/oceanheart/nstcg-website-phase-0/scripts/setupNotion.ts","statementMap":{"0":{"start":{"line":221,"column":0},"end":{"line":221,"column":7}},"1":{"start":{"line":1,"column":0},"end":{"line":1,"column":25}},"2":{"start":{"line":2,"column":0},"end":{"line":2,"column":29}},"3":{"start":{"line":3,"column":0},"end":{"line":3,"column":33}},"4":{"start":{"line":5,"column":0},"end":{"line":5,"column":16}},"5":{"start":{"line":21,"column":27},"end":{"line":21,"column":39}},"6":{"start":{"line":22,"column":22},"end":{"line":22,"column":50}},"7":{"start":{"line":23,"column":19},"end":{"line":23,"column":48}},"8":{"start":{"line":26,"column":16},"end":{"line":26,"column":40}},"9":{"start":{"line":27,"column":2},"end":{"line":29,"column":3}},"10":{"start":{"line":28,"column":4},"end":{"line":28,"column":48}},"11":{"start":{"line":31,"column":19},"end":{"line":39,"column":4}},"12":{"start":{"line":41,"column":2},"end":{"line":44,"column":3}},"13":{"start":{"line":42,"column":22},"end":{"line":42,"column":43}},"14":{"start":{"line":43,"column":4},"end":{"line":43,"column":75}},"15":{"start":{"line":46,"column":2},"end":{"line":46,"column":18}},"16":{"start":{"line":50,"column":2},"end":{"line":60,"column":3}},"17":{"start":{"line":51,"column":21},"end":{"line":54,"column":6}},"18":{"start":{"line":56,"column":18},"end":{"line":56,"column":39}},"19":{"start":{"line":57,"column":4},"end":{"line":57,"column":63}},"20":{"start":{"line":59,"column":4},"end":{"line":59,"column":72}},"21":{"start":{"line":65,"column":17},"end":{"line":67,"column":53}},"22":{"start":{"line":69,"column":25},"end":{"line":103,"column":4}},"23":{"start":{"line":105,"column":2},"end":{"line":111,"column":3}},"24":{"start":{"line":106,"column":21},"end":{"line":106,"column":81}},"25":{"start":{"line":107,"column":18},"end":{"line":107,"column":39}},"26":{"start":{"line":108,"column":4},"end":{"line":108,"column":19}},"27":{"start":{"line":110,"column":4},"end":{"line":110,"column":59}},"28":{"start":{"line":115,"column":22},"end":{"line":183,"column":4}},"29":{"start":{"line":185,"column":2},"end":{"line":191,"column":3}},"30":{"start":{"line":186,"column":21},"end":{"line":186,"column":74}},"31":{"start":{"line":187,"column":18},"end":{"line":187,"column":39}},"32":{"start":{"line":188,"column":4},"end":{"line":188,"column":19}},"33":{"start":{"line":190,"column":4},"end":{"line":190,"column":62}},"34":{"start":{"line":195,"column":19},"end":{"line":195,"column":21}},"35":{"start":{"line":197,"column":2},"end":{"line":199,"column":3}},"36":{"start":{"line":198,"column":4},"end":{"line":198,"column":51}},"37":{"start":{"line":201,"column":42},"end":{"line":204,"column":4}},"38":{"start":{"line":207,"column":2},"end":{"line":216,"column":3}},"39":{"start":{"line":208,"column":18},"end":{"line":208,"column":48}},"40":{"start":{"line":209,"column":4},"end":{"line":215,"column":5}},"41":{"start":{"line":211,"column":6},"end":{"line":211,"column":64}},"42":{"start":{"line":214,"column":6},"end":{"line":214,"column":41}},"43":{"start":{"line":218,"column":2},"end":{"line":218,"column":55}},"44":{"start":{"line":222,"column":24},"end":{"line":222,"column":67}},"45":{"start":{"line":224,"column":2},"end":{"line":224,"column":61}},"46":{"start":{"line":227,"column":19},"end":{"line":227,"column":44}},"47":{"start":{"line":229,"column":2},"end":{"line":254,"column":3}},"48":{"start":{"line":230,"column":4},"end":{"line":230,"column":54}},"49":{"start":{"line":231,"column":4},"end":{"line":231,"column":40}},"50":{"start":{"line":232,"column":4},"end":{"line":232,"column":53}},"51":{"start":{"line":234,"column":4},"end":{"line":234,"column":46}},"52":{"start":{"line":235,"column":19},"end":{"line":235,"column":53}},"53":{"start":{"line":236,"column":4},"end":{"line":236,"column":45}},"54":{"start":{"line":238,"column":4},"end":{"line":238,"column":44}},"55":{"start":{"line":239,"column":4},"end":{"line":239,"column":53}},"56":{"start":{"line":240,"column":4},"end":{"line":240,"column":51}},"57":{"start":{"line":242,"column":4},"end":{"line":242,"column":60}},"58":{"start":{"line":245,"column":23},"end":{"line":245,"column":98}},"59":{"start":{"line":247,"column":4},"end":{"line":253,"column":5}},"60":{"start":{"line":249,"column":6},"end":{"line":249,"column":48}},"61":{"start":{"line":250,"column":21},"end":{"line":250,"column":55}},"62":{"start":{"line":251,"column":6},"end":{"line":251,"column":55}},"63":{"start":{"line":252,"column":6},"end":{"line":252,"column":53}},"64":{"start":{"line":256,"column":2},"end":{"line":256,"column":39}},"65":{"start":{"line":260,"column":0},"end":{"line":262,"column":1}},"66":{"start":{"line":261,"column":2},"end":{"line":261,"column":37}}},"fnMap":{"0":{"name":"makeNotionRequest","decl":{"start":{"line":25,"column":15},"end":{"line":25,"column":32}},"loc":{"start":{"line":25,"column":81},"end":{"line":47,"column":1}}},"1":{"name":"searchForDatabase","decl":{"start":{"line":49,"column":15},"end":{"line":49,"column":32}},"loc":{"start":{"line":49,"column":32},"end":{"line":61,"column":1}}},"2":{"name":"createDatabase","decl":{"start":{"line":63,"column":15},"end":{"line":63,"column":29}},"loc":{"start":{"line":63,"column":29},"end":{"line":112,"column":1}}},"3":{"name":"createPromptPage","decl":{"start":{"line":114,"column":15},"end":{"line":114,"column":31}},"loc":{"start":{"line":114,"column":50},"end":{"line":192,"column":1}}},"4":{"name":"updateEnvFile","decl":{"start":{"line":194,"column":9},"end":{"line":194,"column":22}},"loc":{"start":{"line":194,"column":74},"end":{"line":219,"column":1}}},"5":{"name":"setupNotion","decl":{"start":{"line":221,"column":22},"end":{"line":221,"column":33}},"loc":{"start":{"line":221,"column":50},"end":{"line":257,"column":1}}}},"branchMap":{"0":{"loc":{"start":{"line":27,"column":2},"end":{"line":29,"column":3}},"type":"if","locations":[{"start":{"line":27,"column":2},"end":{"line":29,"column":3}},{"start":{},"end":{}}]},"1":{"loc":{"start":{"line":38,"column":10},"end":{"line":38,"column":49}},"type":"cond-expr","locations":[{"start":{"line":38,"column":17},"end":{"line":38,"column":37}},{"start":{"line":38,"column":40},"end":{"line":38,"column":49}}]},"2":{"loc":{"start":{"line":41,"column":2},"end":{"line":44,"column":3}},"type":"if","locations":[{"start":{"line":41,"column":2},"end":{"line":44,"column":3}},{"start":{},"end":{}}]},"3":{"loc":{"start":{"line":57,"column":11},"end":{"line":57,"column":62}},"type":"cond-expr","locations":[{"start":{"line":57,"column":37},"end":{"line":57,"column":55}},{"start":{"line":57,"column":58},"end":{"line":57,"column":62}}]},"4":{"loc":{"start":{"line":65,"column":17},"end":{"line":67,"column":53}},"type":"cond-expr","locations":[{"start":{"line":66,"column":6},"end":{"line":66,"column":76}},{"start":{"line":67,"column":6},"end":{"line":67,"column":53}}]},"5":{"loc":{"start":{"line":197,"column":2},"end":{"line":199,"column":3}},"type":"if","locations":[{"start":{"line":197,"column":2},"end":{"line":199,"column":3}},{"start":{},"end":{}}]},"6":{"loc":{"start":{"line":209,"column":4},"end":{"line":215,"column":5}},"type":"if","locations":[{"start":{"line":209,"column":4},"end":{"line":215,"column":5}},{"start":{"line":212,"column":11},"end":{"line":215,"column":5}}]},"7":{"loc":{"start":{"line":222,"column":24},"end":{"line":222,"column":67}},"type":"binary-expr","locations":[{"start":{"line":222,"column":24},"end":{"line":222,"column":31}},{"start":{"line":222,"column":35},"end":{"line":222,"column":67}}]},"8":{"loc":{"start":{"line":229,"column":2},"end":{"line":254,"column":3}},"type":"if","locations":[{"start":{"line":229,"column":2},"end":{"line":254,"column":3}},{"start":{"line":241,"column":9},"end":{"line":254,"column":3}}]},"9":{"loc":{"start":{"line":245,"column":23},"end":{"line":245,"column":98}},"type":"cond-expr","locations":[{"start":{"line":245,"column":54},"end":{"line":245,"column":93}},{"start":{"line":245,"column":96},"end":{"line":245,"column":98}}]},"10":{"loc":{"start":{"line":247,"column":4},"end":{"line":253,"column":5}},"type":"if","locations":[{"start":{"line":247,"column":4},"end":{"line":253,"column":5}},{"start":{},"end":{}}]},"11":{"loc":{"start":{"line":260,"column":0},"end":{"line":262,"column":1}},"type":"if","locations":[{"start":{"line":260,"column":0},"end":{"line":262,"column":1}},{"start":{},"end":{}}]}},"s":{"0":1,"1":1,"2":1,"3":1,"4":1,"5":1,"6":1,"7":1,"8":18,"9":18,"10":1,"11":17,"12":16,"13":0,"14":0,"15":16,"16":8,"17":8,"18":6,"19":6,"20":2,"21":5,"22":5,"23":5,"24":5,"25":5,"26":5,"27":0,"28":5,"29":5,"30":5,"31":5,"32":5,"33":0,"34":5,"35":5,"36":2,"37":5,"38":5,"39":10,"40":10,"41":0,"42":10,"43":5,"44":8,"45":8,"46":8,"47":6,"48":5,"49":5,"50":5,"51":5,"52":5,"53":5,"54":5,"55":5,"56":5,"57":1,"58":1,"59":1,"60":0,"61":0,"62":0,"63":0,"64":6,"65":1,"66":0},"f":{"0":18,"1":8,"2":5,"3":5,"4":5,"5":8},"b":{"0":[1,17],"1":[17,0],"2":[0,16],"3":[1,5],"4":[0,5],"5":[2,3],"6":[0,10],"7":[8,3],"8":[5,1],"9":[1,0],"10":[0,1],"11":[0,1]}}
,"/Users/oceanheart/nstcg-website-phase-0/src/handlers/generateSignups.ts": {"path":"/Users/oceanheart/nstcg-website-phase-0/src/handlers/generateSignups.ts","statementMap":{"0":{"start":{"line":20,"column":0},"end":{"line":20,"column":7}},"1":{"start":{"line":1,"column":0},"end":{"line":1,"column":58}},"2":{"start":{"line":2,"column":0},"end":{"line":2,"column":58}},"3":{"start":{"line":3,"column":0},"end":{"line":3,"column":62}},"4":{"start":{"line":22,"column":26},"end":{"line":28,"column":4}},"5":{"start":{"line":30,"column":2},"end":{"line":37,"column":3}},"6":{"start":{"line":31,"column":4},"end":{"line":36,"column":5}},"7":{"start":{"line":32,"column":6},"end":{"line":35,"column":8}},"8":{"start":{"line":40,"column":24},"end":{"line":43,"column":null}},"9":{"start":{"line":46,"column":26},"end":{"line":46,"column":72}},"10":{"start":{"line":48,"column":2},"end":{"line":124,"column":3}},"11":{"start":{"line":50,"column":19},"end":{"line":50,"column":50}},"12":{"start":{"line":51,"column":4},"end":{"line":56,"column":5}},"13":{"start":{"line":52,"column":6},"end":{"line":55,"column":8}},"14":{"start":{"line":58,"column":4},"end":{"line":63,"column":5}},"15":{"start":{"line":59,"column":6},"end":{"line":62,"column":8}},"16":{"start":{"line":66,"column":19},"end":{"line":66,"column":50}},"17":{"start":{"line":69,"column":26},"end":{"line":69,"column":88}},"18":{"start":{"line":72,"column":4},"end":{"line":77,"column":5}},"19":{"start":{"line":73,"column":6},"end":{"line":76,"column":8}},"20":{"start":{"line":80,"column":4},"end":{"line":80,"column":40}},"21":{"start":{"line":83,"column":29},"end":{"line":83,"column":64}},"22":{"start":{"line":86,"column":4},"end":{"line":100,"column":5}},"23":{"start":{"line":87,"column":46},"end":{"line":87,"column":48}},"24":{"start":{"line":89,"column":6},"end":{"line":97,"column":7}},"25":{"start":{"line":89,"column":19},"end":{"line":89,"column":20}},"26":{"start":{"line":90,"column":8},"end":{"line":90,"column":55}},"27":{"start":{"line":93,"column":8},"end":{"line":96,"column":9}},"28":{"start":{"line":94,"column":24},"end":{"line":94,"column":54}},"29":{"start":{"line":95,"column":10},"end":{"line":95,"column":67}},"30":{"start":{"line":95,"column":39},"end":{"line":95,"column":65}},"31":{"start":{"line":99,"column":6},"end":{"line":99,"column":46}},"32":{"start":{"line":103,"column":20},"end":{"line":103,"column":75}},"33":{"start":{"line":106,"column":23},"end":{"line":106,"column":60}},"34":{"start":{"line":108,"column":4},"end":{"line":114,"column":6}},"35":{"start":{"line":116,"column":4},"end":{"line":116,"column":54}},"36":{"start":{"line":117,"column":4},"end":{"line":120,"column":6}},"37":{"start":{"line":123,"column":4},"end":{"line":123,"column":34}}},"fnMap":{"0":{"name":"generateSignups","decl":{"start":{"line":20,"column":22},"end":{"line":20,"column":37}},"loc":{"start":{"line":20,"column":71},"end":{"line":125,"column":1}}},"1":{"name":"(anonymous_1)","decl":{"start":{"line":95,"column":28},"end":{"line":95,"column":35}},"loc":{"start":{"line":95,"column":39},"end":{"line":95,"column":65}}}},"branchMap":{"0":{"loc":{"start":{"line":20,"column":38},"end":{"line":20,"column":71}},"type":"default-arg","locations":[{"start":{"line":20,"column":66},"end":{"line":20,"column":71}}]},"1":{"loc":{"start":{"line":31,"column":4},"end":{"line":36,"column":5}},"type":"if","locations":[{"start":{"line":31,"column":4},"end":{"line":36,"column":5}},{"start":{},"end":{}}]},"2":{"loc":{"start":{"line":51,"column":4},"end":{"line":56,"column":5}},"type":"if","locations":[{"start":{"line":51,"column":4},"end":{"line":56,"column":5}},{"start":{},"end":{}}]},"3":{"loc":{"start":{"line":58,"column":4},"end":{"line":63,"column":5}},"type":"if","locations":[{"start":{"line":58,"column":4},"end":{"line":63,"column":5}},{"start":{},"end":{}}]},"4":{"loc":{"start":{"line":72,"column":4},"end":{"line":77,"column":5}},"type":"if","locations":[{"start":{"line":72,"column":4},"end":{"line":77,"column":5}},{"start":{},"end":{}}]},"5":{"loc":{"start":{"line":86,"column":4},"end":{"line":100,"column":5}},"type":"if","locations":[{"start":{"line":86,"column":4},"end":{"line":100,"column":5}},{"start":{},"end":{}}]},"6":{"loc":{"start":{"line":86,"column":8},"end":{"line":86,"column":61}},"type":"binary-expr","locations":[{"start":{"line":86,"column":8},"end":{"line":86,"column":24}},{"start":{"line":86,"column":28},"end":{"line":86,"column":61}}]},"7":{"loc":{"start":{"line":93,"column":8},"end":{"line":96,"column":9}},"type":"if","locations":[{"start":{"line":93,"column":8},"end":{"line":96,"column":9}},{"start":{},"end":{}}]},"8":{"loc":{"start":{"line":119,"column":13},"end":{"line":119,"column":69}},"type":"cond-expr","locations":[{"start":{"line":119,"column":38},"end":{"line":119,"column":51}},{"start":{"line":119,"column":54},"end":{"line":119,"column":69}}]}},"s":{"0":1,"1":1,"2":1,"3":1,"4":8,"5":8,"6":36,"7":1,"8":7,"9":7,"10":7,"11":7,"12":6,"13":1,"14":5,"15":1,"16":4,"17":4,"18":4,"19":1,"20":3,"21":3,"22":3,"23":1,"24":1,"25":1,"26":3,"27":3,"28":2,"29":2,"30":2,"31":1,"32":3,"33":3,"34":3,"35":1,"36":1,"37":7},"f":{"0":8,"1":2},"b":{"0":[7],"1":[1,35],"2":[1,5],"3":[1,4],"4":[1,3],"5":[1,2],"6":[3,1],"7":[2,1],"8":[1,0]}}
,"/Users/oceanheart/nstcg-website-phase-0/src/services/databaseService.ts": {"path":"/Users/oceanheart/nstcg-website-phase-0/src/services/databaseService.ts","statementMap":{"0":{"start":{"line":1,"column":0},"end":{"line":1,"column":38}},"1":{"start":{"line":3,"column":0},"end":{"line":3,"column":36}},"2":{"start":{"line":22,"column":4},"end":{"line":25,"column":7}},"3":{"start":{"line":29,"column":29},"end":{"line":46,"column":6}},"4":{"start":{"line":48,"column":4},"end":{"line":52,"column":5}},"5":{"start":{"line":49,"column":6},"end":{"line":49,"column":46}},"6":{"start":{"line":51,"column":6},"end":{"line":51,"column":58}},"7":{"start":{"line":57,"column":20},"end":{"line":57,"column":28}},"8":{"start":{"line":59,"column":4},"end":{"line":63,"column":5}},"9":{"start":{"line":60,"column":6},"end":{"line":60,"column":41}},"10":{"start":{"line":62,"column":6},"end":{"line":62,"column":56}},"11":{"start":{"line":65,"column":4},"end":{"line":99,"column":5}},"12":{"start":{"line":66,"column":6},"end":{"line":66,"column":34}},"13":{"start":{"line":68,"column":6},"end":{"line":90,"column":7}},"14":{"start":{"line":69,"column":28},"end":{"line":74,"column":10}},"15":{"start":{"line":76,"column":23},"end":{"line":87,"column":10}},"16":{"start":{"line":89,"column":8},"end":{"line":89,"column":48}},"17":{"start":{"line":92,"column":6},"end":{"line":92,"column":35}},"18":{"start":{"line":93,"column":6},"end":{"line":93,"column":21}},"19":{"start":{"line":95,"column":6},"end":{"line":95,"column":37}},"20":{"start":{"line":96,"column":6},"end":{"line":96,"column":56}},"21":{"start":{"line":98,"column":6},"end":{"line":98,"column":23}},"22":{"start":{"line":103,"column":18},"end":{"line":110,"column":6}},"23":{"start":{"line":112,"column":4},"end":{"line":126,"column":5}},"24":{"start":{"line":113,"column":21},"end":{"line":113,"column":53}},"25":{"start":{"line":114,"column":18},"end":{"line":114,"column":32}},"26":{"start":{"line":116,"column":29},"end":{"line":116,"column":62}},"27":{"start":{"line":117,"column":32},"end":{"line":117,"column":69}},"28":{"start":{"line":119,"column":6},"end":{"line":123,"column":8}},"29":{"start":{"line":125,"column":6},"end":{"line":125,"column":63}},"30":{"start":{"line":130,"column":18},"end":{"line":141,"column":6}},"31":{"start":{"line":143,"column":4},"end":{"line":154,"column":5}},"32":{"start":{"line":144,"column":21},"end":{"line":144,"column":58}},"33":{"start":{"line":146,"column":6},"end":{"line":151,"column":10}},"34":{"start":{"line":146,"column":37},"end":{"line":151,"column":8}},"35":{"start":{"line":153,"column":6},"end":{"line":153,"column":64}},"36":{"start":{"line":158,"column":4},"end":{"line":158,"column":26}},"37":{"start":{"line":18,"column":0},"end":{"line":18,"column":13}}},"fnMap":{"0":{"name":"(anonymous_0)","decl":{"start":{"line":21,"column":2},"end":{"line":21,"column":14}},"loc":{"start":{"line":21,"column":38},"end":{"line":26,"column":3}}},"1":{"name":"(anonymous_1)","decl":{"start":{"line":28,"column":2},"end":{"line":28,"column":7}},"loc":{"start":{"line":28,"column":19},"end":{"line":53,"column":3}}},"2":{"name":"(anonymous_2)","decl":{"start":{"line":55,"column":2},"end":{"line":55,"column":7}},"loc":{"start":{"line":55,"column":40},"end":{"line":100,"column":3}}},"3":{"name":"(anonymous_3)","decl":{"start":{"line":102,"column":2},"end":{"line":102,"column":7}},"loc":{"start":{"line":102,"column":21},"end":{"line":127,"column":3}}},"4":{"name":"(anonymous_4)","decl":{"start":{"line":129,"column":2},"end":{"line":129,"column":7}},"loc":{"start":{"line":129,"column":43},"end":{"line":155,"column":3}}},"5":{"name":"(anonymous_5)","decl":{"start":{"line":146,"column":29},"end":{"line":146,"column":32}},"loc":{"start":{"line":146,"column":37},"end":{"line":151,"column":8}}},"6":{"name":"(anonymous_6)","decl":{"start":{"line":157,"column":2},"end":{"line":157,"column":7}},"loc":{"start":{"line":157,"column":13},"end":{"line":159,"column":3}}}},"branchMap":{"0":{"loc":{"start":{"line":24,"column":11},"end":{"line":24,"column":88}},"type":"cond-expr","locations":[{"start":{"line":24,"column":51},"end":{"line":24,"column":80}},{"start":{"line":24,"column":83},"end":{"line":24,"column":88}}]},"1":{"loc":{"start":{"line":82,"column":10},"end":{"line":82,"column":30}},"type":"binary-expr","locations":[{"start":{"line":82,"column":10},"end":{"line":82,"column":22}},{"start":{"line":82,"column":26},"end":{"line":82,"column":30}}]},"2":{"loc":{"start":{"line":83,"column":10},"end":{"line":83,"column":35}},"type":"binary-expr","locations":[{"start":{"line":83,"column":10},"end":{"line":83,"column":27}},{"start":{"line":83,"column":31},"end":{"line":83,"column":35}}]},"3":{"loc":{"start":{"line":122,"column":27},"end":{"line":122,"column":86}},"type":"cond-expr","locations":[{"start":{"line":122,"column":48},"end":{"line":122,"column":82}},{"start":{"line":122,"column":85},"end":{"line":122,"column":86}}]},"4":{"loc":{"start":{"line":129,"column":25},"end":{"line":129,"column":43}},"type":"default-arg","locations":[{"start":{"line":129,"column":41},"end":{"line":129,"column":43}}]}},"s":{"0":2,"1":2,"2":9,"3":1,"4":1,"5":1,"6":0,"7":4,"8":4,"9":4,"10":1,"11":3,"12":3,"13":3,"14":3,"15":3,"16":3,"17":2,"18":2,"19":1,"20":1,"21":3,"22":2,"23":2,"24":2,"25":2,"26":2,"27":2,"28":2,"29":0,"30":1,"31":1,"32":1,"33":1,"34":2,"35":0,"36":10,"37":2},"f":{"0":9,"1":1,"2":4,"3":2,"4":1,"5":2,"6":10},"b":{"0":[0,9],"1":[3,1],"2":[3,1],"3":[1,1],"4":[0]}}
,"/Users/oceanheart/nstcg-website-phase-0/src/services/notionService.ts": {"path":"/Users/oceanheart/nstcg-website-phase-0/src/services/notionService.ts","statementMap":{"0":{"start":{"line":8,"column":21},"end":{"line":8,"column":34}},"1":{"start":{"line":9,"column":21},"end":{"line":9,"column":39}},"2":{"start":{"line":10,"column":21},"end":{"line":10,"column":41}},"3":{"start":{"line":4,"column":19},"end":{"line":4,"column":45}},"4":{"start":{"line":5,"column":19},"end":{"line":5,"column":57}},"5":{"start":{"line":14,"column":44},"end":{"line":17,"column":6}},"6":{"start":{"line":19,"column":4},"end":{"line":21,"column":5}},"7":{"start":{"line":20,"column":6},"end":{"line":20,"column":51}},"8":{"start":{"line":23,"column":21},"end":{"line":27,"column":6}},"9":{"start":{"line":29,"column":4},"end":{"line":32,"column":5}},"10":{"start":{"line":30,"column":24},"end":{"line":30,"column":45}},"11":{"start":{"line":31,"column":6},"end":{"line":31,"column":77}},"12":{"start":{"line":34,"column":4},"end":{"line":34,"column":20}},"13":{"start":{"line":38,"column":4},"end":{"line":69,"column":5}},"14":{"start":{"line":39,"column":23},"end":{"line":39,"column":95}},"15":{"start":{"line":40,"column":19},"end":{"line":40,"column":69}},"16":{"start":{"line":42,"column":6},"end":{"line":44,"column":7}},"17":{"start":{"line":43,"column":8},"end":{"line":43,"column":20}},"18":{"start":{"line":46,"column":31},"end":{"line":46,"column":46}},"19":{"start":{"line":47,"column":20},"end":{"line":47,"column":35}},"20":{"start":{"line":49,"column":29},"end":{"line":58,"column":8}},"21":{"start":{"line":61,"column":6},"end":{"line":61,"column":34}},"22":{"start":{"line":63,"column":6},"end":{"line":63,"column":20}},"23":{"start":{"line":65,"column":6},"end":{"line":67,"column":7}},"24":{"start":{"line":66,"column":8},"end":{"line":66,"column":20}},"25":{"start":{"line":68,"column":6},"end":{"line":68,"column":65}},"26":{"start":{"line":73,"column":4},"end":{"line":98,"column":5}},"27":{"start":{"line":74,"column":23},"end":{"line":74,"column":85}},"28":{"start":{"line":75,"column":19},"end":{"line":75,"column":70}},"29":{"start":{"line":77,"column":6},"end":{"line":79,"column":7}},"30":{"start":{"line":78,"column":8},"end":{"line":78,"column":18}},"31":{"start":{"line":81,"column":35},"end":{"line":81,"column":37}},"32":{"start":{"line":83,"column":6},"end":{"line":93,"column":7}},"33":{"start":{"line":84,"column":8},"end":{"line":92,"column":9}},"34":{"start":{"line":85,"column":23},"end":{"line":87,"column":21}},"35":{"start":{"line":86,"column":30},"end":{"line":86,"column":52}},"36":{"start":{"line":89,"column":10},"end":{"line":91,"column":11}},"37":{"start":{"line":90,"column":12},"end":{"line":90,"column":34}},"38":{"start":{"line":95,"column":6},"end":{"line":95,"column":39}},"39":{"start":{"line":97,"column":6},"end":{"line":97,"column":58}},"40":{"start":{"line":103,"column":4},"end":{"line":105,"column":5}},"41":{"start":{"line":104,"column":6},"end":{"line":104,"column":91}},"42":{"start":{"line":108,"column":4},"end":{"line":110,"column":5}},"43":{"start":{"line":109,"column":6},"end":{"line":109,"column":89}},"44":{"start":{"line":113,"column":4},"end":{"line":115,"column":5}},"45":{"start":{"line":114,"column":6},"end":{"line":114,"column":84}},"46":{"start":{"line":118,"column":22},"end":{"line":118,"column":57}},"47":{"start":{"line":119,"column":4},"end":{"line":121,"column":5}},"48":{"start":{"line":120,"column":6},"end":{"line":120,"column":78}},"49":{"start":{"line":3,"column":0},"end":{"line":3,"column":13}}},"fnMap":{"0":{"name":"(anonymous_0)","decl":{"start":{"line":7,"column":2},"end":{"line":7,"column":null}},"loc":{"start":{"line":10,"column":41},"end":{"line":11,"column":6}}},"1":{"name":"(anonymous_1)","decl":{"start":{"line":13,"column":10},"end":{"line":13,"column":15}},"loc":{"start":{"line":13,"column":84},"end":{"line":35,"column":3}}},"2":{"name":"(anonymous_2)","decl":{"start":{"line":37,"column":2},"end":{"line":37,"column":7}},"loc":{"start":{"line":37,"column":17},"end":{"line":70,"column":3}}},"3":{"name":"(anonymous_3)","decl":{"start":{"line":72,"column":2},"end":{"line":72,"column":7}},"loc":{"start":{"line":72,"column":17},"end":{"line":99,"column":3}}},"4":{"name":"(anonymous_4)","decl":{"start":{"line":86,"column":17},"end":{"line":86,"column":18}},"loc":{"start":{"line":86,"column":30},"end":{"line":86,"column":52}}},"5":{"name":"(anonymous_5)","decl":{"start":{"line":101,"column":10},"end":{"line":101,"column":24}},"loc":{"start":{"line":101,"column":39},"end":{"line":122,"column":3}}}},"branchMap":{"0":{"loc":{"start":{"line":13,"column":46},"end":{"line":13,"column":68}},"type":"default-arg","locations":[{"start":{"line":13,"column":63},"end":{"line":13,"column":68}}]},"1":{"loc":{"start":{"line":19,"column":4},"end":{"line":21,"column":5}},"type":"if","locations":[{"start":{"line":19,"column":4},"end":{"line":21,"column":5}},{"start":{},"end":{}}]},"2":{"loc":{"start":{"line":19,"column":8},"end":{"line":19,"column":47}},"type":"binary-expr","locations":[{"start":{"line":19,"column":8},"end":{"line":19,"column":25}},{"start":{"line":19,"column":29},"end":{"line":19,"column":47}}]},"3":{"loc":{"start":{"line":26,"column":12},"end":{"line":26,"column":51}},"type":"cond-expr","locations":[{"start":{"line":26,"column":19},"end":{"line":26,"column":39}},{"start":{"line":26,"column":42},"end":{"line":26,"column":51}}]},"4":{"loc":{"start":{"line":29,"column":4},"end":{"line":32,"column":5}},"type":"if","locations":[{"start":{"line":29,"column":4},"end":{"line":32,"column":5}},{"start":{},"end":{}}]},"5":{"loc":{"start":{"line":42,"column":6},"end":{"line":44,"column":7}},"type":"if","locations":[{"start":{"line":42,"column":6},"end":{"line":44,"column":7}},{"start":{},"end":{}}]},"6":{"loc":{"start":{"line":42,"column":10},"end":{"line":42,"column":52}},"type":"binary-expr","locations":[{"start":{"line":42,"column":10},"end":{"line":42,"column":23}},{"start":{"line":42,"column":27},"end":{"line":42,"column":52}}]},"7":{"loc":{"start":{"line":50,"column":17},"end":{"line":50,"column":49}},"type":"binary-expr","locations":[{"start":{"line":50,"column":17},"end":{"line":50,"column":40}},{"start":{"line":50,"column":44},"end":{"line":50,"column":49}}]},"8":{"loc":{"start":{"line":51,"column":19},"end":{"line":51,"column":76}},"type":"binary-expr","locations":[{"start":{"line":51,"column":19},"end":{"line":51,"column":65}},{"start":{"line":51,"column":69},"end":{"line":51,"column":76}}]},"9":{"loc":{"start":{"line":52,"column":17},"end":{"line":52,"column":72}},"type":"binary-expr","locations":[{"start":{"line":52,"column":17},"end":{"line":52,"column":61}},{"start":{"line":52,"column":65},"end":{"line":52,"column":72}}]},"10":{"loc":{"start":{"line":53,"column":20},"end":{"line":53,"column":49}},"type":"binary-expr","locations":[{"start":{"line":53,"column":20},"end":{"line":53,"column":44}},{"start":{"line":53,"column":48},"end":{"line":53,"column":49}}]},"11":{"loc":{"start":{"line":54,"column":20},"end":{"line":54,"column":50}},"type":"binary-expr","locations":[{"start":{"line":54,"column":20},"end":{"line":54,"column":44}},{"start":{"line":54,"column":48},"end":{"line":54,"column":50}}]},"12":{"loc":{"start":{"line":55,"column":26},"end":{"line":55,"column":63}},"type":"binary-expr","locations":[{"start":{"line":55,"column":26},"end":{"line":55,"column":56}},{"start":{"line":55,"column":60},"end":{"line":55,"column":63}}]},"13":{"loc":{"start":{"line":56,"column":18},"end":{"line":56,"column":47}},"type":"binary-expr","locations":[{"start":{"line":56,"column":18},"end":{"line":56,"column":40}},{"start":{"line":56,"column":44},"end":{"line":56,"column":47}}]},"14":{"loc":{"start":{"line":57,"column":16},"end":{"line":57,"column":42}},"type":"binary-expr","locations":[{"start":{"line":57,"column":16},"end":{"line":57,"column":36}},{"start":{"line":57,"column":40},"end":{"line":57,"column":42}}]},"15":{"loc":{"start":{"line":65,"column":6},"end":{"line":67,"column":7}},"type":"if","locations":[{"start":{"line":65,"column":6},"end":{"line":67,"column":7}},{"start":{},"end":{}}]},"16":{"loc":{"start":{"line":65,"column":10},"end":{"line":65,"column":83}},"type":"binary-expr","locations":[{"start":{"line":65,"column":10},"end":{"line":65,"column":32}},{"start":{"line":65,"column":36},"end":{"line":65,"column":83}}]},"17":{"loc":{"start":{"line":77,"column":6},"end":{"line":79,"column":7}},"type":"if","locations":[{"start":{"line":77,"column":6},"end":{"line":79,"column":7}},{"start":{},"end":{}}]},"18":{"loc":{"start":{"line":77,"column":10},"end":{"line":77,"column":52}},"type":"binary-expr","locations":[{"start":{"line":77,"column":10},"end":{"line":77,"column":23}},{"start":{"line":77,"column":27},"end":{"line":77,"column":52}}]},"19":{"loc":{"start":{"line":84,"column":8},"end":{"line":92,"column":9}},"type":"if","locations":[{"start":{"line":84,"column":8},"end":{"line":92,"column":9}},{"start":{},"end":{}}]},"20":{"loc":{"start":{"line":84,"column":12},"end":{"line":84,"column":68}},"type":"binary-expr","locations":[{"start":{"line":84,"column":12},"end":{"line":84,"column":38}},{"start":{"line":84,"column":42},"end":{"line":84,"column":68}}]},"21":{"loc":{"start":{"line":86,"column":30},"end":{"line":86,"column":52}},"type":"binary-expr","locations":[{"start":{"line":86,"column":30},"end":{"line":86,"column":46}},{"start":{"line":86,"column":50},"end":{"line":86,"column":52}}]},"22":{"loc":{"start":{"line":89,"column":10},"end":{"line":91,"column":11}},"type":"if","locations":[{"start":{"line":89,"column":10},"end":{"line":91,"column":11}},{"start":{},"end":{}}]},"23":{"loc":{"start":{"line":103,"column":4},"end":{"line":105,"column":5}},"type":"if","locations":[{"start":{"line":103,"column":4},"end":{"line":105,"column":5}},{"start":{},"end":{}}]},"24":{"loc":{"start":{"line":108,"column":4},"end":{"line":110,"column":5}},"type":"if","locations":[{"start":{"line":108,"column":4},"end":{"line":110,"column":5}},{"start":{},"end":{}}]},"25":{"loc":{"start":{"line":108,"column":8},"end":{"line":108,"column":66}},"type":"binary-expr","locations":[{"start":{"line":108,"column":8},"end":{"line":108,"column":35}},{"start":{"line":108,"column":39},"end":{"line":108,"column":66}}]},"26":{"loc":{"start":{"line":113,"column":4},"end":{"line":115,"column":5}},"type":"if","locations":[{"start":{"line":113,"column":4},"end":{"line":115,"column":5}},{"start":{},"end":{}}]},"27":{"loc":{"start":{"line":113,"column":8},"end":{"line":113,"column":98}},"type":"binary-expr","locations":[{"start":{"line":113,"column":8},"end":{"line":113,"column":29}},{"start":{"line":113,"column":33},"end":{"line":113,"column":54}},{"start":{"line":113,"column":58},"end":{"line":113,"column":77}},{"start":{"line":113,"column":81},"end":{"line":113,"column":98}}]},"28":{"loc":{"start":{"line":119,"column":4},"end":{"line":121,"column":5}},"type":"if","locations":[{"start":{"line":119,"column":4},"end":{"line":121,"column":5}},{"start":{},"end":{}}]},"29":{"loc":{"start":{"line":119,"column":8},"end":{"line":119,"column":76}},"type":"binary-expr","locations":[{"start":{"line":119,"column":8},"end":{"line":119,"column":41}},{"start":{"line":119,"column":45},"end":{"line":119,"column":76}}]}},"s":{"0":9,"1":9,"2":9,"3":9,"4":9,"5":9,"6":9,"7":6,"8":9,"9":9,"10":1,"11":1,"12":8,"13":6,"14":6,"15":5,"16":5,"17":1,"18":4,"19":4,"20":4,"21":4,"22":2,"23":3,"24":2,"25":1,"26":3,"27":3,"28":3,"29":3,"30":1,"31":2,"32":2,"33":3,"34":3,"35":3,"36":3,"37":3,"38":2,"39":0,"40":4,"41":1,"42":3,"43":1,"44":2,"45":0,"46":2,"47":2,"48":0,"49":2},"f":{"0":9,"1":9,"2":6,"3":3,"4":3,"5":4},"b":{"0":[3],"1":[6,3],"2":[9,3],"3":[6,3],"4":[1,8],"5":[1,4],"6":[5,5],"7":[4,0],"8":[4,0],"9":[4,0],"10":[4,0],"11":[4,0],"12":[4,0],"13":[4,0],"14":[4,0],"15":[2,1],"16":[3,3],"17":[1,2],"18":[3,3],"19":[3,0],"20":[3,3],"21":[3,0],"22":[3,0],"23":[1,3],"24":[1,2],"25":[3,3],"26":[0,2],"27":[2,2,2,2],"28":[0,2],"29":[2,2]}}
,"/Users/oceanheart/nstcg-website-phase-0/src/services/userGenerator.ts": {"path":"/Users/oceanheart/nstcg-website-phase-0/src/services/userGenerator.ts","statementMap":{"0":{"start":{"line":1,"column":0},"end":{"line":1,"column":53}},"1":{"start":{"line":2,"column":0},"end":{"line":2,"column":28}},"2":{"start":{"line":9,"column":21},"end":{"line":9,"column":35}},"3":{"start":{"line":10,"column":21},"end":{"line":10,"column":35}},"4":{"start":{"line":11,"column":21},"end":{"line":11,"column":39}},"5":{"start":{"line":6,"column":10},"end":{"line":6,"column":39}},"6":{"start":{"line":13,"column":4},"end":{"line":15,"column":5}},"7":{"start":{"line":14,"column":6},"end":{"line":14,"column":54}},"8":{"start":{"line":19,"column":22},"end":{"line":22,"column":6}},"9":{"start":{"line":24,"column":35},"end":{"line":24,"column":37}},"10":{"start":{"line":25,"column":23},"end":{"line":25,"column":24}},"11":{"start":{"line":26,"column":26},"end":{"line":26,"column":27}},"12":{"start":{"line":28,"column":4},"end":{"line":46,"column":5}},"13":{"start":{"line":28,"column":17},"end":{"line":28,"column":18}},"14":{"start":{"line":29,"column":32},"end":{"line":29,"column":76}},"15":{"start":{"line":32,"column":6},"end":{"line":42,"column":7}},"16":{"start":{"line":33,"column":8},"end":{"line":39,"column":9}},"17":{"start":{"line":34,"column":10},"end":{"line":34,"column":49}},"18":{"start":{"line":35,"column":10},"end":{"line":35,"column":25}},"19":{"start":{"line":37,"column":10},"end":{"line":37,"column":62}},"20":{"start":{"line":38,"column":10},"end":{"line":38,"column":28}},"21":{"start":{"line":41,"column":8},"end":{"line":41,"column":26}},"22":{"start":{"line":44,"column":19},"end":{"line":44,"column":45}},"23":{"start":{"line":45,"column":6},"end":{"line":45,"column":23}},"24":{"start":{"line":48,"column":4},"end":{"line":52,"column":6}},"25":{"start":{"line":56,"column":22},"end":{"line":56,"column":46}},"26":{"start":{"line":57,"column":21},"end":{"line":57,"column":44}},"27":{"start":{"line":58,"column":17},"end":{"line":58,"column":43}},"28":{"start":{"line":61,"column":27},"end":{"line":69,"column":6}},"29":{"start":{"line":71,"column":26},"end":{"line":71,"column":68}},"30":{"start":{"line":72,"column":27},"end":{"line":73,"column":null}},"31":{"start":{"line":75,"column":18},"end":{"line":75,"column":54}},"32":{"start":{"line":78,"column":21},"end":{"line":78,"column":120}},"33":{"start":{"line":81,"column":29},"end":{"line":81,"column":106}},"34":{"start":{"line":82,"column":22},"end":{"line":82,"column":66}},"35":{"start":{"line":85,"column":25},"end":{"line":85,"column":49}},"36":{"start":{"line":88,"column":25},"end":{"line":90,"column":17}},"37":{"start":{"line":92,"column":4},"end":{"line":101,"column":6}},"38":{"start":{"line":105,"column":4},"end":{"line":107,"column":5}},"39":{"start":{"line":106,"column":6},"end":{"line":106,"column":55}},"40":{"start":{"line":109,"column":4},"end":{"line":135,"column":5}},"41":{"start":{"line":110,"column":25},"end":{"line":124,"column":8}},"42":{"start":{"line":126,"column":22},"end":{"line":126,"column":69}},"43":{"start":{"line":127,"column":6},"end":{"line":129,"column":7}},"44":{"start":{"line":128,"column":8},"end":{"line":128,"column":48}},"45":{"start":{"line":131,"column":6},"end":{"line":131,"column":21}},"46":{"start":{"line":133,"column":6},"end":{"line":133,"column":48}},"47":{"start":{"line":134,"column":6},"end":{"line":134,"column":18}},"48":{"start":{"line":139,"column":16},"end":{"line":139,"column":26}},"49":{"start":{"line":140,"column":24},"end":{"line":144,"column":6}},"50":{"start":{"line":146,"column":37},"end":{"line":146,"column":81}},"51":{"start":{"line":147,"column":33},"end":{"line":147,"column":75}},"52":{"start":{"line":148,"column":41},"end":{"line":148,"column":75}},"53":{"start":{"line":150,"column":25},"end":{"line":150,"column":53}},"54":{"start":{"line":151,"column":23},"end":{"line":151,"column":47}},"55":{"start":{"line":152,"column":27},"end":{"line":152,"column":59}},"56":{"start":{"line":155,"column":4},"end":{"line":157,"column":5}},"57":{"start":{"line":156,"column":6},"end":{"line":156,"column":76}},"58":{"start":{"line":159,"column":4},"end":{"line":159,"column":74}},"59":{"start":{"line":163,"column":22},"end":{"line":163,"column":42}},"60":{"start":{"line":164,"column":19},"end":{"line":164,"column":37}},"61":{"start":{"line":167,"column":21},"end":{"line":167,"column":52}},"62":{"start":{"line":168,"column":21},"end":{"line":168,"column":39}},"63":{"start":{"line":170,"column":18},"end":{"line":170,"column":68}},"64":{"start":{"line":171,"column":4},"end":{"line":171,"column":24}},"65":{"start":{"line":5,"column":0},"end":{"line":5,"column":13}}},"fnMap":{"0":{"name":"(anonymous_1)","decl":{"start":{"line":8,"column":2},"end":{"line":8,"column":null}},"loc":{"start":{"line":11,"column":39},"end":{"line":16,"column":3}}},"1":{"name":"(anonymous_2)","decl":{"start":{"line":18,"column":2},"end":{"line":18,"column":7}},"loc":{"start":{"line":18,"column":21},"end":{"line":53,"column":3}}},"2":{"name":"(anonymous_3)","decl":{"start":{"line":55,"column":10},"end":{"line":55,"column":22}},"loc":{"start":{"line":55,"column":39},"end":{"line":102,"column":3}}},"3":{"name":"(anonymous_4)","decl":{"start":{"line":104,"column":10},"end":{"line":104,"column":15}},"loc":{"start":{"line":104,"column":31},"end":{"line":136,"column":3}}},"4":{"name":"(anonymous_5)","decl":{"start":{"line":138,"column":2},"end":{"line":138,"column":20}},"loc":{"start":{"line":138,"column":20},"end":{"line":160,"column":3}}},"5":{"name":"(anonymous_6)","decl":{"start":{"line":162,"column":2},"end":{"line":162,"column":16}},"loc":{"start":{"line":162,"column":16},"end":{"line":172,"column":3}}}},"branchMap":{"0":{"loc":{"start":{"line":13,"column":4},"end":{"line":15,"column":5}},"type":"if","locations":[{"start":{"line":13,"column":4},"end":{"line":15,"column":5}},{"start":{},"end":{}}]},"1":{"loc":{"start":{"line":32,"column":6},"end":{"line":42,"column":7}},"type":"if","locations":[{"start":{"line":32,"column":6},"end":{"line":42,"column":7}},{"start":{"line":40,"column":13},"end":{"line":42,"column":7}}]},"2":{"loc":{"start":{"line":32,"column":10},"end":{"line":32,"column":42}},"type":"binary-expr","locations":[{"start":{"line":32,"column":10},"end":{"line":32,"column":27}},{"start":{"line":32,"column":31},"end":{"line":32,"column":42}}]},"3":{"loc":{"start":{"line":88,"column":25},"end":{"line":90,"column":17}},"type":"cond-expr","locations":[{"start":{"line":89,"column":8},"end":{"line":89,"column":65}},{"start":{"line":90,"column":8},"end":{"line":90,"column":17}}]},"4":{"loc":{"start":{"line":105,"column":4},"end":{"line":107,"column":5}},"type":"if","locations":[{"start":{"line":105,"column":4},"end":{"line":107,"column":5}},{"start":{},"end":{}}]},"5":{"loc":{"start":{"line":127,"column":6},"end":{"line":129,"column":7}},"type":"if","locations":[{"start":{"line":127,"column":6},"end":{"line":129,"column":7}},{"start":{},"end":{}}]},"6":{"loc":{"start":{"line":155,"column":4},"end":{"line":157,"column":5}},"type":"if","locations":[{"start":{"line":155,"column":4},"end":{"line":157,"column":5}},{"start":{},"end":{}}]},"7":{"loc":{"start":{"line":156,"column":13},"end":{"line":156,"column":75}},"type":"binary-expr","locations":[{"start":{"line":156,"column":13},"end":{"line":156,"column":43}},{"start":{"line":156,"column":47},"end":{"line":156,"column":75}}]},"8":{"loc":{"start":{"line":159,"column":11},"end":{"line":159,"column":73}},"type":"binary-expr","locations":[{"start":{"line":159,"column":11},"end":{"line":159,"column":41}},{"start":{"line":159,"column":45},"end":{"line":159,"column":73}}]}},"s":{"0":2,"1":2,"2":14,"3":14,"4":14,"5":14,"6":14,"7":14,"8":18,"9":18,"10":18,"11":18,"12":18,"13":18,"14":144,"15":144,"16":40,"17":40,"18":23,"19":17,"20":17,"21":104,"22":144,"23":144,"24":18,"25":144,"26":144,"27":144,"28":144,"29":144,"30":144,"31":144,"32":144,"33":144,"34":144,"35":144,"36":144,"37":144,"38":40,"39":0,"40":40,"41":40,"42":23,"43":23,"44":0,"45":23,"46":17,"47":17,"48":2,"49":2,"50":2,"51":2,"52":2,"53":2,"54":2,"55":2,"56":2,"57":2,"58":0,"59":100,"60":100,"61":100,"62":100,"63":100,"64":100,"65":2},"f":{"0":14,"1":18,"2":144,"3":40,"4":2,"5":100},"b":{"0":[14,0],"1":[40,104],"2":[144,40],"3":[43,101],"4":[0,40],"5":[0,23],"6":[2,0],"7":[2,1],"8":[0,0]}}
}
