TN:
SF:scripts/setupNotion.ts
FN:25,makeNotionRequest
FN:49,searchForDatabase
FN:63,createDatabase
FN:114,createPromptPage
FN:194,updateEnvFile
FN:221,setupNotion
FNF:6
FNH:6
FNDA:18,makeNotionRequest
FNDA:8,searchForDatabase
FNDA:5,createDatabase
FNDA:5,createPromptPage
FNDA:5,updateEnvFile
FNDA:8,setupNotion
DA:1,1
DA:2,1
DA:3,1
DA:5,1
DA:21,1
DA:22,1
DA:23,1
DA:26,18
DA:27,18
DA:28,1
DA:31,17
DA:41,16
DA:42,0
DA:43,0
DA:46,16
DA:50,8
DA:51,8
DA:56,6
DA:57,6
DA:59,2
DA:65,5
DA:69,5
DA:105,5
DA:106,5
DA:107,5
DA:108,5
DA:110,0
DA:115,5
DA:185,5
DA:186,5
DA:187,5
DA:188,5
DA:190,0
DA:195,5
DA:197,5
DA:198,2
DA:201,5
DA:207,5
DA:208,10
DA:209,10
DA:211,0
DA:214,10
DA:218,5
DA:221,1
DA:222,8
DA:224,8
DA:227,8
DA:229,6
DA:230,5
DA:231,5
DA:232,5
DA:234,5
DA:235,5
DA:236,5
DA:238,5
DA:239,5
DA:240,5
DA:242,1
DA:245,1
DA:247,1
DA:249,0
DA:250,0
DA:251,0
DA:252,0
DA:256,6
DA:260,1
DA:261,0
LF:67
LH:57
BRDA:27,0,0,1
BRDA:27,0,1,17
BRDA:38,1,0,17
BRDA:38,1,1,0
BRDA:41,2,0,0
BRDA:41,2,1,16
BRDA:57,3,0,1
BRDA:57,3,1,5
BRDA:65,4,0,0
BRDA:65,4,1,5
BRDA:197,5,0,2
BRDA:197,5,1,3
BRDA:209,6,0,0
BRDA:209,6,1,10
BRDA:222,7,0,8
BRDA:222,7,1,3
BRDA:229,8,0,5
BRDA:229,8,1,1
BRDA:245,9,0,1
BRDA:245,9,1,0
BRDA:247,10,0,0
BRDA:247,10,1,1
BRDA:260,11,0,0
BRDA:260,11,1,1
BRF:24
BRH:17
end_of_record
TN:
SF:src/handlers/generateSignups.ts
FN:20,generateSignups
FN:95,(anonymous_1)
FNF:2
FNH:2
FNDA:8,generateSignups
FNDA:2,(anonymous_1)
DA:1,1
DA:2,1
DA:3,1
DA:20,1
DA:22,8
DA:30,8
DA:31,36
DA:32,1
DA:40,7
DA:46,7
DA:48,7
DA:50,7
DA:51,6
DA:52,1
DA:58,5
DA:59,1
DA:66,4
DA:69,4
DA:72,4
DA:73,1
DA:80,3
DA:83,3
DA:86,3
DA:87,1
DA:89,1
DA:90,3
DA:93,3
DA:94,2
DA:95,2
DA:99,1
DA:103,3
DA:106,3
DA:108,3
DA:116,1
DA:117,1
DA:123,7
LF:36
LH:36
BRDA:20,0,0,7
BRDA:31,1,0,1
BRDA:31,1,1,35
BRDA:51,2,0,1
BRDA:51,2,1,5
BRDA:58,3,0,1
BRDA:58,3,1,4
BRDA:72,4,0,1
BRDA:72,4,1,3
BRDA:86,5,0,1
BRDA:86,5,1,2
BRDA:86,6,0,3
BRDA:86,6,1,1
BRDA:93,7,0,2
BRDA:93,7,1,1
BRDA:119,8,0,1
BRDA:119,8,1,0
BRF:17
BRH:16
end_of_record
TN:
SF:src/services/databaseService.ts
FN:21,(anonymous_0)
FN:28,(anonymous_1)
FN:55,(anonymous_2)
FN:102,(anonymous_3)
FN:129,(anonymous_4)
FN:146,(anonymous_5)
FN:157,(anonymous_6)
FNF:7
FNH:7
FNDA:9,(anonymous_0)
FNDA:1,(anonymous_1)
FNDA:4,(anonymous_2)
FNDA:2,(anonymous_3)
FNDA:1,(anonymous_4)
FNDA:2,(anonymous_5)
FNDA:10,(anonymous_6)
DA:1,2
DA:3,2
DA:18,2
DA:22,9
DA:29,1
DA:48,1
DA:49,1
DA:51,0
DA:57,4
DA:59,4
DA:60,4
DA:62,1
DA:65,3
DA:66,3
DA:68,3
DA:69,3
DA:76,3
DA:89,3
DA:92,2
DA:93,2
DA:95,1
DA:96,1
DA:98,3
DA:103,2
DA:112,2
DA:113,2
DA:114,2
DA:116,2
DA:117,2
DA:119,2
DA:125,0
DA:130,1
DA:143,1
DA:144,1
DA:146,2
DA:153,0
DA:158,10
LF:37
LH:34
BRDA:24,0,0,0
BRDA:24,0,1,9
BRDA:82,1,0,3
BRDA:82,1,1,1
BRDA:83,2,0,3
BRDA:83,2,1,1
BRDA:122,3,0,1
BRDA:122,3,1,1
BRDA:129,4,0,0
BRF:9
BRH:7
end_of_record
TN:
SF:src/services/notionService.ts
FN:7,(anonymous_0)
FN:13,(anonymous_1)
FN:37,(anonymous_2)
FN:72,(anonymous_3)
FN:86,(anonymous_4)
FN:101,(anonymous_5)
FNF:6
FNH:6
FNDA:9,(anonymous_0)
FNDA:9,(anonymous_1)
FNDA:6,(anonymous_2)
FNDA:3,(anonymous_3)
FNDA:3,(anonymous_4)
FNDA:4,(anonymous_5)
DA:3,2
DA:4,9
DA:5,9
DA:8,9
DA:9,9
DA:10,9
DA:14,9
DA:19,9
DA:20,6
DA:23,9
DA:29,9
DA:30,1
DA:31,1
DA:34,8
DA:38,6
DA:39,6
DA:40,5
DA:42,5
DA:43,1
DA:46,4
DA:47,4
DA:49,4
DA:61,4
DA:63,2
DA:65,3
DA:66,2
DA:68,1
DA:73,3
DA:74,3
DA:75,3
DA:77,3
DA:78,1
DA:81,2
DA:83,2
DA:84,3
DA:85,3
DA:86,3
DA:89,3
DA:90,3
DA:95,2
DA:97,0
DA:103,4
DA:104,1
DA:108,3
DA:109,1
DA:113,2
DA:114,0
DA:118,2
DA:119,2
DA:120,0
LF:50
LH:47
BRDA:13,0,0,3
BRDA:19,1,0,6
BRDA:19,1,1,3
BRDA:19,2,0,9
BRDA:19,2,1,3
BRDA:26,3,0,6
BRDA:26,3,1,3
BRDA:29,4,0,1
BRDA:29,4,1,8
BRDA:42,5,0,1
BRDA:42,5,1,4
BRDA:42,6,0,5
BRDA:42,6,1,5
BRDA:50,7,0,4
BRDA:50,7,1,0
BRDA:51,8,0,4
BRDA:51,8,1,0
BRDA:52,9,0,4
BRDA:52,9,1,0
BRDA:53,10,0,4
BRDA:53,10,1,0
BRDA:54,11,0,4
BRDA:54,11,1,0
BRDA:55,12,0,4
BRDA:55,12,1,0
BRDA:56,13,0,4
BRDA:56,13,1,0
BRDA:57,14,0,4
BRDA:57,14,1,0
BRDA:65,15,0,2
BRDA:65,15,1,1
BRDA:65,16,0,3
BRDA:65,16,1,3
BRDA:77,17,0,1
BRDA:77,17,1,2
BRDA:77,18,0,3
BRDA:77,18,1,3
BRDA:84,19,0,3
BRDA:84,19,1,0
BRDA:84,20,0,3
BRDA:84,20,1,3
BRDA:86,21,0,3
BRDA:86,21,1,0
BRDA:89,22,0,3
BRDA:89,22,1,0
BRDA:103,23,0,1
BRDA:103,23,1,3
BRDA:108,24,0,1
BRDA:108,24,1,2
BRDA:108,25,0,3
BRDA:108,25,1,3
BRDA:113,26,0,0
BRDA:113,26,1,2
BRDA:113,27,0,2
BRDA:113,27,1,2
BRDA:113,27,2,2
BRDA:113,27,3,2
BRDA:119,28,0,0
BRDA:119,28,1,2
BRDA:119,29,0,2
BRDA:119,29,1,2
BRF:61
BRH:48
end_of_record
TN:
SF:src/services/userGenerator.ts
FN:8,(anonymous_1)
FN:18,(anonymous_2)
FN:55,(anonymous_3)
FN:104,(anonymous_4)
FN:138,(anonymous_5)
FN:162,(anonymous_6)
FNF:6
FNH:6
FNDA:14,(anonymous_1)
FNDA:18,(anonymous_2)
FNDA:144,(anonymous_3)
FNDA:40,(anonymous_4)
FNDA:2,(anonymous_5)
FNDA:100,(anonymous_6)
DA:1,2
DA:2,2
DA:5,2
DA:6,14
DA:9,14
DA:10,14
DA:11,14
DA:13,14
DA:14,14
DA:19,18
DA:24,18
DA:25,18
DA:26,18
DA:28,18
DA:29,144
DA:32,144
DA:33,40
DA:34,40
DA:35,23
DA:37,17
DA:38,17
DA:41,104
DA:44,144
DA:45,144
DA:48,18
DA:56,144
DA:57,144
DA:58,144
DA:61,144
DA:71,144
DA:72,144
DA:75,144
DA:78,144
DA:81,144
DA:82,144
DA:85,144
DA:88,144
DA:92,144
DA:105,40
DA:106,0
DA:109,40
DA:110,40
DA:126,23
DA:127,23
DA:128,0
DA:131,23
DA:133,17
DA:134,17
DA:139,2
DA:140,2
DA:146,2
DA:147,2
DA:148,2
DA:150,2
DA:151,2
DA:152,2
DA:155,2
DA:156,2
DA:159,0
DA:163,100
DA:164,100
DA:167,100
DA:168,100
DA:170,100
DA:171,100
LF:65
LH:62
BRDA:13,0,0,14
BRDA:13,0,1,0
BRDA:32,1,0,40
BRDA:32,1,1,104
BRDA:32,2,0,144
BRDA:32,2,1,40
BRDA:88,3,0,43
BRDA:88,3,1,101
BRDA:105,4,0,0
BRDA:105,4,1,40
BRDA:127,5,0,0
BRDA:127,5,1,23
BRDA:155,6,0,2
BRDA:155,6,1,0
BRDA:156,7,0,2
BRDA:156,7,1,1
BRDA:159,8,0,0
BRDA:159,8,1,0
BRF:18
BRH:12
end_of_record
